#
# A fatal error has been detected by the Java Runtime Environment:
#
#  EXCEPTION_ACCESS_VIOLATION (0xc0000005) at pc=0x00007fffe7025b8c, pid=17228, tid=6524
#
# JRE version: OpenJDK Runtime Environment (16.0.2+7) (build 16.0.2+7-67)
# Java VM: OpenJDK 64-Bit Server VM (16.0.2+7-67, mixed mode, tiered, compressed oops, compressed class ptrs, g1 gc, windows-amd64)
# Problematic frame:
# V  [jvm.dll+0x6e5b8c]
#
# No core dump will be written. Minidumps are not enabled by default on client versions of Windows
#
# If you would like to submit a bug report, please visit:
#   https://bugreport.java.com/bugreport/crash.jsp
#

---------------  S U M M A R Y ------------

Command Line: -XX:+ShowCodeDetailsInExceptionMessages -agentlib:jdwp=transport=dt_socket,suspend=y,address=localhost:57853 -Dcom.sun.management.jmxremote -Dcom.sun.management.jmxremote.port=57852 -Dcom.sun.management.jmxremote.authenticate=false -Dcom.sun.management.jmxremote.ssl=false -Djava.rmi.server.hostname=localhost -Dspring.jmx.enabled=true -Dspring.application.admin.enabled=true -XX:TieredStopAtLevel=1 -Dspring.boot.project.name=pruebaf1 -javaagent:E:\Descargas\sts-4.12.0.RELEASE\configuration\org.eclipse.osgi\259\0\.cp\lib\javaagent-shaded.jar -Dfile.encoding=UTF-8 com.pruebaf1.prueba.Pruebaf1Application --spring.output.ansi.enabled=always

Host: Intel(R) Core(TM) i5-7200U CPU @ 2.50GHz, 4 cores, 11G,  Windows 10 , 64 bit Build 19041 (10.0.19041.1202)
Time: Fri Oct  1 23:42:41 2021 Hora est. Pacífico, Sudamérica elapsed time: 891.172006 seconds (0d 0h 14m 51s)

---------------  T H R E A D  ---------------

Current thread (0x000001ce522110e0):  VMThread "VM Thread" [stack: 0x0000007da5e00000,0x0000007da5f00000] [id=6524]

Stack: [0x0000007da5e00000,0x0000007da5f00000],  sp=0x0000007da5efed00,  free space=1019k
Native frames: (J=compiled Java code, j=interpreted, Vv=VM code, C=native code)
V  [jvm.dll+0x6e5b8c]
V  [jvm.dll+0x32cf6f]
V  [jvm.dll+0x32f0b5]
V  [jvm.dll+0x32f854]
V  [jvm.dll+0x32cdaf]
V  [jvm.dll+0x32c037]
V  [jvm.dll+0x656cce]
V  [jvm.dll+0x6569d3]
V  [jvm.dll+0x61c1e8]
V  [jvm.dll+0x7c18f5]
V  [jvm.dll+0x520446]
V  [jvm.dll+0x7d00ab]
V  [jvm.dll+0x7d0da4]
V  [jvm.dll+0x7d12a9]
V  [jvm.dll+0x7d1564]
V  [jvm.dll+0x7d1630]
V  [jvm.dll+0x7795aa]
V  [jvm.dll+0x667066]
C  [ucrtbase.dll+0x21bb2]
C  [KERNEL32.DLL+0x17034]
C  [ntdll.dll+0x52651]


siginfo: EXCEPTION_ACCESS_VIOLATION (0xc0000005), reading address 0x0000000000000004


Register to memory mapping:

RIP=0x00007fffe7025b8c jvm.dll
RAX=0x0 is NULL
RBX=0x0 is NULL
RCX=0x0000007da5efed20 points into unknown readable memory: 0x0000000000000000 | 00 00 00 00 00 00 00 00
RDX=0x00000000000054b7 is an unknown value
RSP=0x0000007da5efed00 points into unknown readable memory: 0x0000000000000000 | 00 00 00 00 00 00 00 00
RBP=0x0000007da5efee60 points into unknown readable memory: 0xffffffffffffffff | ff ff ff ff ff ff ff ff
RSI=0x0 is NULL
RDI=0x0000007da5eff470 points into unknown readable memory: 0x00007fffe7272218 | 18 22 27 e7 ff 7f 00 00
R8 =0x0 is NULL
R9 =0x000001ce5610c470 is pointing into metadata
R10=0x0 is NULL
R11=0x0000000047000000 is an unknown value
R12=0x00007fffe6940000 jvm.dll
R13=0x000001ce57bf5548 points into unknown readable memory: 0x0000013700000000 | 00 00 00 00 37 01 00 00
R14=0x0000007da5efed90 points into unknown readable memory: 0x0000000000000000 | 00 00 00 00 00 00 00 00
R15=0x000000000000014e is an unknown value


Registers:
RAX=0x0000000000000000, RBX=0x0000000000000000, RCX=0x0000007da5efed20, RDX=0x00000000000054b7
RSP=0x0000007da5efed00, RBP=0x0000007da5efee60, RSI=0x0000000000000000, RDI=0x0000007da5eff470
R8 =0x0000000000000000, R9 =0x000001ce5610c470, R10=0x0000000000000000, R11=0x0000000047000000
R12=0x00007fffe6940000, R13=0x000001ce57bf5548, R14=0x0000007da5efed90, R15=0x000000000000014e
RIP=0x00007fffe7025b8c, EFLAGS=0x0000000000010246

Top of Stack: (sp=0x0000007da5efed00)
0x0000007da5efed00:   0000000000000000 0000000000000000
0x0000007da5efed10:   0000007da5eff470 0000007da5efecd8
0x0000007da5efed20:   0000000000000000 00007fffe6b7a3de
0x0000007da5efed30:   0000007da5efedb8 0000000000000000
0x0000007da5efed40:   000001ce520c1810 0000000000000000
0x0000007da5efed50:   000001ce5610d68b 00007fffe6c6cf6f
0x0000007da5efed60:   0000000000000000 0000000000000000
0x0000007da5efed70:   0000000000000000 000001ce536ff678
0x0000007da5efed80:   0000000003df6cf0 00007fffe6b50232
0x0000007da5efed90:   0000000000000000 00007fff00000063
0x0000007da5efeda0:   0000000000000000 0000007da5efede8
0x0000007da5efedb0:   0000000000000000 000001ce520c8068
0x0000007da5efedc0:   0000001400000002 0000000000000014
0x0000007da5efedd0:   000000030000000c 000001ce520c1810
0x0000007da5efede0:   0000000000000000 0000000046000148
0x0000007da5efedf0:   0000007da5eff540 00007fffe7024fb2 

Instructions: (pc=0x00007fffe7025b8c)
0x00007fffe7025a8c:   47 1c 03 00 00 00 44 89 47 0c 44 89 47 08 44 3b
0x00007fffe7025a9c:   c3 7c 17 c7 47 1c ff ff ff ff 48 8b 5c 24 30 48
0x00007fffe7025aac:   8b 74 24 38 48 83 c4 20 5f c3 0f be 4c 30 07 e8
0x00007fffe7025abc:   80 fc ff ff 48 83 c6 06 89 47 18 83 e8 0c 74 50
0x00007fffe7025acc:   83 f8 01 75 34 49 63 c0 48 3b c3 7d 18 0f 1f 80
0x00007fffe7025adc:   00 00 00 00 80 3c 30 5b 75 0b 41 ff c0 48 ff c0
0x00007fffe7025aec:   48 3b c3 7c ef 49 63 c8 41 8b c0 2b 47 0c 48 03
0x00007fffe7025afc:   ce 89 47 14 80 39 4c 74 1d 41 8d 58 01 89 5f 0c
0x00007fffe7025b0c:   48 8b 5c 24 30 48 8b 74 24 38 48 83 c4 20 5f c3
0x00007fffe7025b1c:   49 63 c8 48 03 ce 8b c3 ba 3b 00 00 00 41 2b c0
0x00007fffe7025b2c:   4c 63 c0 e8 9c f7 13 00 48 85 c0 74 06 8b d8 2b
0x00007fffe7025b3c:   de ff c3 48 8b 74 24 38 89 5f 0c 48 8b 5c 24 30
0x00007fffe7025b4c:   48 83 c4 20 5f c3 cc cc cc cc cc cc cc cc cc cc
0x00007fffe7025b5c:   cc cc cc cc 41 56 48 83 ec 50 83 79 08 63 4c 8b
0x00007fffe7025b6c:   f1 0f 85 d3 00 00 00 48 8b 01 48 8d 4c 24 20 48
0x00007fffe7025b7c:   89 44 24 20 48 89 5c 24 60 33 db 48 89 74 24 68
0x00007fffe7025b8c:   0f b7 40 04 89 44 24 30 48 8b 05 cd fd 40 00 48
0x00007fffe7025b9c:   89 44 24 40 c7 44 24 3c 01 00 00 00 c7 44 24 2c
0x00007fffe7025bac:   01 00 00 00 c7 44 24 28 01 00 00 00 89 5c 24 34
0x00007fffe7025bbc:   48 89 5c 24 48 e8 7a fe ff ff 48 8d 4c 24 20 e8
0x00007fffe7025bcc:   b0 00 00 00 8b 44 24 38 48 8b 4c 24 40 41 89 46
0x00007fffe7025bdc:   08 e8 0e e9 04 00 48 8b 74 24 48 48 85 f6 74 45
0x00007fffe7025bec:   39 1e 7e 41 48 89 7c 24 70 8b fb 66 0f 1f 84 00
0x00007fffe7025bfc:   00 00 00 00 48 8b 4e 08 48 8b 0c 39 e8 e3 e8 04
0x00007fffe7025c0c:   00 ff c3 48 8d 7f 08 3b 1e 7c e9 41 8b 46 08 48
0x00007fffe7025c1c:   8b 7c 24 70 48 8b 5c 24 60 48 8b 74 24 68 48 83
0x00007fffe7025c2c:   c4 50 41 5e c3 41 8b 46 08 48 8b 5c 24 60 48 8b
0x00007fffe7025c3c:   74 24 68 48 83 c4 50 41 5e c3 8b 41 08 48 83 c4
0x00007fffe7025c4c:   50 41 5e c3 48 8d 42 ff 48 83 f8 fd 77 14 48 3b
0x00007fffe7025c5c:   51 10 74 19 48 89 51 10 48 d1 ea 83 e2 0f 89 51
0x00007fffe7025c6c:   08 c3 48 89 51 10 c7 41 08 63 00 00 00 c3 cc cc
0x00007fffe7025c7c:   cc cc cc cc 40 53 48 83 ec 20 8b 41 1c 48 8b d9 


Stack slot to memory mapping:
stack at sp + 0 slots: 0x0 is NULL
stack at sp + 1 slots: 0x0 is NULL
stack at sp + 2 slots: 0x0000007da5eff470 points into unknown readable memory: 0x00007fffe7272218 | 18 22 27 e7 ff 7f 00 00
stack at sp + 3 slots: 0x0000007da5efecd8 points into unknown readable memory: 0x6f4e202020202000 | 00 20 20 20 20 20 4e 6f
stack at sp + 4 slots: 0x0 is NULL
stack at sp + 5 slots: 0x00007fffe6b7a3de jvm.dll
stack at sp + 6 slots: 0x0000007da5efedb8 points into unknown readable memory: 0x000001ce520c8068 | 68 80 0c 52 ce 01 00 00
stack at sp + 7 slots: 0x0 is NULL

VM_Operation (0x0000007da68ff630): get/set locals, mode: safepoint, requested by thread 0x000001ce52e09210


---------------  P R O C E S S  ---------------

Threads class SMR info:
_java_thread_list=0x000001ce579603c0, length=31, elements={
0x000001ce522117c0, 0x000001ce5221e8d0, 0x000001ce5224b2b0, 0x000001ce5224cbd0,
0x000001ce5224d4e0, 0x000001ce5224ddf0, 0x000001ce5224e7b0, 0x000001ce52c500a0,
0x000001ce52d9d010, 0x000001ce52e09210, 0x000001ce52e0d310, 0x000001ce52e0fc60,
0x000001ce535914e0, 0x000001ce53757390, 0x000001ce53763b60, 0x000001ce53751040,
0x000001ce537d7030, 0x000001ce537b4c90, 0x000001ce538df510, 0x000001ce538e14f0,
0x000001ce538dffb0, 0x000001ce538e1a40, 0x000001ce538e1f90, 0x000001ce538e0fa0,
0x000001ce538e0500, 0x000001ce538e24e0, 0x000001ce5550f590, 0x000001ce5550cb10,
0x000001ce5550c070, 0x000001ce55510ad0, 0x000001ce5550e050
}

Java Threads: ( => current thread )
  0x000001ce522117c0 JavaThread "Reference Handler" daemon [_thread_blocked, id=6544, stack(0x0000007da5f00000,0x0000007da6000000)]
  0x000001ce5221e8d0 JavaThread "Finalizer" daemon [_thread_blocked, id=5568, stack(0x0000007da6000000,0x0000007da6100000)]
  0x000001ce5224b2b0 JavaThread "Signal Dispatcher" daemon [_thread_blocked, id=3132, stack(0x0000007da6100000,0x0000007da6200000)]
  0x000001ce5224cbd0 JavaThread "Attach Listener" daemon [_thread_blocked, id=3600, stack(0x0000007da6200000,0x0000007da6300000)]
  0x000001ce5224d4e0 JavaThread "Service Thread" daemon [_thread_blocked, id=7244, stack(0x0000007da6300000,0x0000007da6400000)]
  0x000001ce5224ddf0 JavaThread "Monitor Deflation Thread" daemon [_thread_blocked, id=8144, stack(0x0000007da6400000,0x0000007da6500000)]
  0x000001ce5224e7b0 JavaThread "C1 CompilerThread0" daemon [_thread_blocked, id=14860, stack(0x0000007da6500000,0x0000007da6600000)]
  0x000001ce52c500a0 JavaThread "Sweeper thread" daemon [_thread_blocked, id=108, stack(0x0000007da6600000,0x0000007da6700000)]
  0x000001ce52d9d010 JavaThread "Common-Cleaner" daemon [_thread_blocked, id=19000, stack(0x0000007da6700000,0x0000007da6800000)]
  0x000001ce52e09210 JavaThread "JDWP Transport Listener: dt_socket" daemon [_thread_blocked, id=5284, stack(0x0000007da6800000,0x0000007da6900000)]
  0x000001ce52e0d310 JavaThread "JDWP Event Helper Thread" daemon [_thread_blocked, id=6884, stack(0x0000007da6900000,0x0000007da6a00000)]
  0x000001ce52e0fc60 JavaThread "JDWP Command Reader" daemon [_thread_in_native, id=5484, stack(0x0000007da6a00000,0x0000007da6b00000)]
  0x000001ce535914e0 JavaThread "Notification Thread" daemon [_thread_blocked, id=2776, stack(0x0000007da6b00000,0x0000007da6c00000)]
  0x000001ce53757390 JavaThread "RMI TCP Accept-0" daemon [_thread_in_native, id=18080, stack(0x0000007da7000000,0x0000007da7100000)]
  0x000001ce53763b60 JavaThread "RMI TCP Accept-57852" daemon [_thread_in_native, id=18308, stack(0x0000007da7100000,0x0000007da7200000)]
  0x000001ce53751040 JavaThread "RMI TCP Accept-0" daemon [_thread_in_native, id=18712, stack(0x0000007da7300000,0x0000007da7400000)]
  0x000001ce537d7030 JavaThread "RMI Scheduler(0)" daemon [_thread_blocked, id=19020, stack(0x0000007da7500000,0x0000007da7600000)]
  0x000001ce537b4c90 JavaThread "RMI TCP Connection(idle)" daemon [_thread_blocked, id=18948, stack(0x0000007da7600000,0x0000007da7700000)]
  0x000001ce538df510 JavaThread "JMX server connection timeout 24" daemon [_thread_blocked, id=18856, stack(0x0000007da7700000,0x0000007da7800000)]
  0x000001ce538e14f0 JavaThread "Catalina-utility-1" [_thread_blocked, id=14916, stack(0x0000007da7800000,0x0000007da7900000)]
  0x000001ce538dffb0 JavaThread "Catalina-utility-2" [_thread_blocked, id=18760, stack(0x0000007da7900000,0x0000007da7a00000)]
  0x000001ce538e1a40 JavaThread "container-0" [_thread_blocked, id=17344, stack(0x0000007da7a00000,0x0000007da7b00000)]
  0x000001ce538e1f90 JavaThread "Timer-0" daemon [_thread_blocked, id=17712, stack(0x0000007da7b00000,0x0000007da7c00000)]
  0x000001ce538e0fa0 JavaThread "oracle.jdbc.driver.BlockSource.ThreadedCachingBlockSource.BlockReleaser" daemon [_thread_blocked, id=2464, stack(0x0000007da7c00000,0x0000007da7d00000)]
  0x000001ce538e0500 JavaThread "InterruptTimer" daemon [_thread_blocked, id=16324, stack(0x0000007da7d00000,0x0000007da7e00000)]
  0x000001ce538e24e0 JavaThread "HikariPool-1 housekeeper" daemon [_thread_blocked, id=18164, stack(0x0000007da7e00000,0x0000007da7f00000)]
  0x000001ce5550f590 JavaThread "http-nio-8080-Poller" daemon [_thread_in_native, id=16760, stack(0x0000007da5600000,0x0000007da5700000)]
  0x000001ce5550cb10 JavaThread "http-nio-8080-Acceptor" daemon [_thread_in_native, id=2476, stack(0x0000007da5700000,0x0000007da5800000)]
  0x000001ce5550c070 JavaThread "DestroyJavaVM" [_thread_blocked, id=6520, stack(0x0000007da5800000,0x0000007da5900000)]
  0x000001ce55510ad0 JavaThread "http-nio-8080-exec-1" daemon [_thread_blocked, id=1364, stack(0x0000007da7200000,0x0000007da7300000)]
  0x000001ce5550e050 JavaThread "http-nio-8080-exec-2" daemon [_thread_blocked, id=16992, stack(0x0000007da8100000,0x0000007da8200000)]

Other Threads:
=>0x000001ce522110e0 VMThread "VM Thread" [stack: 0x0000007da5e00000,0x0000007da5f00000] [id=6524]
  0x000001ce3668a490 WatcherThread [stack: 0x0000007da7400000,0x0000007da7500000] [id=10108]
  0x000001ce366cb910 GCTaskThread "GC Thread#0" [stack: 0x0000007da5900000,0x0000007da5a00000] [id=18392]
  0x000001ce536ff7d0 GCTaskThread "GC Thread#1" [stack: 0x0000007da6c00000,0x0000007da6d00000] [id=4136]
  0x000001ce53708840 GCTaskThread "GC Thread#2" [stack: 0x0000007da6d00000,0x0000007da6e00000] [id=14968]
  0x000001ce5370cb60 GCTaskThread "GC Thread#3" [stack: 0x0000007da6e00000,0x0000007da6f00000] [id=18756]
  0x000001ce366d8770 ConcurrentGCThread "G1 Main Marker" [stack: 0x0000007da5a00000,0x0000007da5b00000] [id=18352]
  0x000001ce366d9170 ConcurrentGCThread "G1 Conc#0" [stack: 0x0000007da5b00000,0x0000007da5c00000] [id=15676]
  0x000001ce52070490 ConcurrentGCThread "G1 Refine#0" [stack: 0x0000007da5c00000,0x0000007da5d00000] [id=18644]
  0x000001ce53727480 ConcurrentGCThread "G1 Refine#1" [stack: 0x0000007da6f00000,0x0000007da7000000] [id=15028]
  0x000001ce52074e30 ConcurrentGCThread "G1 Service" [stack: 0x0000007da5d00000,0x0000007da5e00000] [id=18924]

Threads with active compile tasks:

VM state: at safepoint (normal execution)

VM Mutex/Monitor currently owned by a thread:  ([mutex/lock_event])
[0x000001ce36683a10] Threads_lock - owner thread: 0x000001ce522110e0

Heap address: 0x0000000741e00000, size: 3042 MB, Compressed Oops mode: Zero based, Oop shift amount: 3

CDS disabled.
Compressed class space mapped at: 0x0000000800000000-0x0000000840000000, reserved size: 1073741824
Narrow klass base: 0x0000000800000000, Narrow klass shift: 0, Narrow klass range: 0x40000000

GC Precious Log:
 CPUs: 4 total, 4 available
 Memory: 12162M
 Large Page Support: Disabled
 NUMA Support: Disabled
 Compressed Oops: Enabled (Zero based)
 Heap Region Size: 2M
 Heap Min Capacity: 8M
 Heap Initial Capacity: 192M
 Heap Max Capacity: 3042M
 Pre-touch: Disabled
 Parallel Workers: 4
 Concurrent Workers: 1
 Concurrent Refinement Workers: 4
 Periodic GC: Disabled

Heap:
 garbage-first heap   total 73728K, used 41141K [0x0000000741e00000, 0x0000000800000000)
  region size 2048K, 12 young (24576K), 3 survivors (6144K)
 Metaspace       used 65303K, committed 65728K, reserved 1114112K
  class space    used 8567K, committed 8768K, reserved 1048576K

Heap Regions: E=young(eden), S=young(survivor), O=old, HS=humongous(starts), HC=humongous(continues), CS=collection set, F=free, OA=open archive, CA=closed archive, TAMS=top-at-mark-start (previous, next)
|   0|0x0000000741e00000, 0x0000000742000000, 0x0000000742000000|100%| O|  |TAMS 0x0000000742000000, 0x0000000741e00000| Untracked 
|   1|0x0000000742000000, 0x0000000742200000, 0x0000000742200000|100%| O|  |TAMS 0x0000000742200000, 0x0000000742000000| Untracked 
|   2|0x0000000742200000, 0x0000000742341a00, 0x0000000742400000| 62%| O|  |TAMS 0x0000000742341a00, 0x0000000742200000| Untracked 
|   3|0x0000000742400000, 0x0000000742600000, 0x0000000742600000|100%| O|  |TAMS 0x0000000742600000, 0x0000000742400000| Untracked 
|   4|0x0000000742600000, 0x0000000742730000, 0x0000000742800000| 59%| O|  |TAMS 0x0000000742730000, 0x0000000742600000| Untracked 
|   5|0x0000000742800000, 0x0000000742a00000, 0x0000000742a00000|100%| O|  |TAMS 0x0000000742a00000, 0x0000000742800000| Untracked 
|   6|0x0000000742a00000, 0x0000000742c00000, 0x0000000742c00000|100%| O|  |TAMS 0x0000000742c00000, 0x0000000742a00000| Untracked 
|   7|0x0000000742c00000, 0x0000000742e00000, 0x0000000742e00000|100%| O|  |TAMS 0x0000000742e00000, 0x0000000742c00000| Untracked 
|   8|0x0000000742e00000, 0x0000000743000000, 0x0000000743000000|100%| O|  |TAMS 0x0000000743000000, 0x0000000742e00000| Untracked 
|   9|0x0000000743000000, 0x0000000743200000, 0x0000000743200000|100%| O|  |TAMS 0x00000007430e8000, 0x0000000743000000| Untracked 
|  10|0x0000000743200000, 0x00000007432cec00, 0x0000000743400000| 40%| O|  |TAMS 0x0000000743200000, 0x0000000743200000| Untracked 
|  11|0x0000000743400000, 0x0000000743400000, 0x0000000743600000|  0%| F|  |TAMS 0x0000000743400000, 0x0000000743400000| Untracked 
|  12|0x0000000743600000, 0x0000000743600000, 0x0000000743800000|  0%| F|  |TAMS 0x0000000743600000, 0x0000000743600000| Untracked 
|  13|0x0000000743800000, 0x0000000743800000, 0x0000000743a00000|  0%| F|  |TAMS 0x0000000743800000, 0x0000000743800000| Untracked 
|  14|0x0000000743a00000, 0x0000000743a00000, 0x0000000743c00000|  0%| F|  |TAMS 0x0000000743a00000, 0x0000000743a00000| Untracked 
|  15|0x0000000743c00000, 0x0000000743c00000, 0x0000000743e00000|  0%| F|  |TAMS 0x0000000743c00000, 0x0000000743c00000| Untracked 
|  16|0x0000000743e00000, 0x0000000743e00000, 0x0000000744000000|  0%| F|  |TAMS 0x0000000743e00000, 0x0000000743e00000| Untracked 
|  17|0x0000000744000000, 0x00000007440ecef0, 0x0000000744200000| 46%| S|CS|TAMS 0x0000000744000000, 0x0000000744000000| Complete 
|  18|0x0000000744200000, 0x0000000744400000, 0x0000000744400000|100%| S|CS|TAMS 0x0000000744200000, 0x0000000744200000| Complete 
|  19|0x0000000744400000, 0x0000000744600000, 0x0000000744600000|100%| S|CS|TAMS 0x0000000744400000, 0x0000000744400000| Complete 
|  20|0x0000000744600000, 0x0000000744600000, 0x0000000744800000|  0%| F|  |TAMS 0x0000000744600000, 0x0000000744600000| Untracked 
|  21|0x0000000744800000, 0x0000000744800000, 0x0000000744a00000|  0%| F|  |TAMS 0x0000000744800000, 0x0000000744800000| Untracked 
|  22|0x0000000744a00000, 0x0000000744a00000, 0x0000000744c00000|  0%| F|  |TAMS 0x0000000744a00000, 0x0000000744a00000| Untracked 
|  23|0x0000000744c00000, 0x0000000744c00000, 0x0000000744e00000|  0%| F|  |TAMS 0x0000000744c00000, 0x0000000744c00000| Untracked 
|  24|0x0000000744e00000, 0x0000000744e00000, 0x0000000745000000|  0%| F|  |TAMS 0x0000000744e00000, 0x0000000744e00000| Untracked 
|  25|0x0000000745000000, 0x0000000745000000, 0x0000000745200000|  0%| F|  |TAMS 0x0000000745000000, 0x0000000745000000| Untracked 
|  26|0x0000000745200000, 0x0000000745200000, 0x0000000745400000|  0%| F|  |TAMS 0x0000000745200000, 0x0000000745200000| Untracked 
|  27|0x0000000745400000, 0x00000007454b9990, 0x0000000745600000| 36%| E|  |TAMS 0x0000000745400000, 0x0000000745400000| Complete 
|  28|0x0000000745600000, 0x0000000745800000, 0x0000000745800000|100%| E|CS|TAMS 0x0000000745600000, 0x0000000745600000| Complete 
|  29|0x0000000745800000, 0x0000000745a00000, 0x0000000745a00000|100%| E|CS|TAMS 0x0000000745800000, 0x0000000745800000| Complete 
|  30|0x0000000745a00000, 0x0000000745c00000, 0x0000000745c00000|100%| E|CS|TAMS 0x0000000745a00000, 0x0000000745a00000| Complete 
|  31|0x0000000745c00000, 0x0000000745e00000, 0x0000000745e00000|100%| E|CS|TAMS 0x0000000745c00000, 0x0000000745c00000| Complete 
|  33|0x0000000746000000, 0x0000000746200000, 0x0000000746200000|100%| E|CS|TAMS 0x0000000746000000, 0x0000000746000000| Complete 
|  34|0x0000000746200000, 0x0000000746400000, 0x0000000746400000|100%| E|CS|TAMS 0x0000000746200000, 0x0000000746200000| Complete 
|  35|0x0000000746400000, 0x0000000746600000, 0x0000000746600000|100%| E|CS|TAMS 0x0000000746400000, 0x0000000746400000| Complete 
|  95|0x000000074dc00000, 0x000000074de00000, 0x000000074de00000|100%| E|CS|TAMS 0x000000074dc00000, 0x000000074dc00000| Complete 

Card table byte_map: [0x000001ce49200000,0x000001ce49800000] _byte_map_base: 0x000001ce457f1000

Marking Bits (Prev, Next): (CMBitMap*) 0x000001ce366cbf50, (CMBitMap*) 0x000001ce366cbf10
 Prev Bits: [0x000001ce4cd90000, 0x000001ce4fd18000)
 Next Bits: [0x000001ce49e00000, 0x000001ce4cd88000)

Polling page: 0x000001ce35e60000

Metaspace:

Usage:
  Non-class:     55.41 MB used.
      Class:      8.37 MB used.
       Both:     63.77 MB used.

Virtual space:
  Non-class space:       64.00 MB reserved,      55.62 MB ( 87%) committed,  8 nodes.
      Class space:        1.00 GB reserved,       8.56 MB ( <1%) committed,  1 nodes.
              Both:        1.06 GB reserved,      64.19 MB (  6%) committed. 

Chunk freelists:
   Non-Class:  3.84 MB
       Class:  3.45 MB
        Both:  7.30 MB

MaxMetaspaceSize: 17179869184.00 GB
CompressedClassSpaceSize: 1.00 GB
 - commit_granule_bytes: 65536.
 - commit_granule_words: 8192.
 - virtual_space_node_default_size: 1048576.
 - enlarge_chunks_in_place: 1.
 - new_chunks_are_fully_committed: 0.
 - uncommit_free_chunks: 1.
 - use_allocation_guard: 0.
 - handle_deallocations: 1.


Internal statistics:

num_allocs_failed_limit: 9.
num_arena_births: 536.
num_arena_deaths: 0.
num_vsnodes_births: 9.
num_vsnodes_deaths: 0.
num_space_committed: 1027.
num_space_uncommitted: 0.
num_chunks_returned_to_freelist: 9.
num_chunks_taken_from_freelist: 2537.
num_chunk_merges: 9.
num_chunk_splits: 1818.
num_chunks_enlarged: 1425.
num_purges: 0.

CodeHeap 'non-profiled nmethods': size=238912Kb used=9068Kb max_used=9068Kb free=229843Kb
 bounds [0x000001ce3a2b0000, 0x000001ce3ab90000, 0x000001ce48c00000]
CodeHeap 'non-nmethods': size=6848Kb used=1378Kb max_used=1378Kb free=5469Kb
 bounds [0x000001ce39c00000, 0x000001ce39e70000, 0x000001ce3a2b0000]
 total_blobs=5926 nmethods=5294 adapters=559
 compilation: enabled
              stopped_count=0, restarted_count=0
 full_count=0

Compilation events (20 events):
Event: 644.033 Thread 0x000001ce5224e7b0 5285   !   1       org.apache.catalina.core.ContainerBase::getRealmInternal (38 bytes)
Event: 644.034 Thread 0x000001ce5224e7b0 nmethod 5285 0x000001ce3ab84e90 code [0x000001ce3ab85080, 0x000001ce3ab853b8]
Event: 644.034 Thread 0x000001ce5224e7b0 5286       1       org.apache.catalina.core.StandardPipeline::getFirst (17 bytes)
Event: 644.034 Thread 0x000001ce5224e7b0 nmethod 5286 0x000001ce3ab85690 code [0x000001ce3ab85820, 0x000001ce3ab85918]
Event: 644.839 Thread 0x000001ce5224e7b0 5287       1       java.util.concurrent.atomic.AtomicIntegerFieldUpdater$AtomicIntegerFieldUpdaterImpl::accessCheck (17 bytes)
Event: 644.840 Thread 0x000001ce5224e7b0 nmethod 5287 0x000001ce3ab85990 code [0x000001ce3ab85b40, 0x000001ce3ab85c68]
Event: 644.840 Thread 0x000001ce5224e7b0 5288       1       com.zaxxer.hikari.pool.PoolEntry::getState (8 bytes)
Event: 644.840 Thread 0x000001ce5224e7b0 nmethod 5288 0x000001ce3ab85d10 code [0x000001ce3ab85ec0, 0x000001ce3ab86008]
Event: 644.840 Thread 0x000001ce5224e7b0 5289       1       java.util.concurrent.atomic.AtomicIntegerFieldUpdater$AtomicIntegerFieldUpdaterImpl::get (17 bytes)
Event: 644.840 Thread 0x000001ce5224e7b0 nmethod 5289 0x000001ce3ab86110 code [0x000001ce3ab862c0, 0x000001ce3ab863e8]
Event: 654.036 Thread 0x000001ce5224e7b0 5290   !   1       org.apache.catalina.core.ContainerBase::getClusterInternal (38 bytes)
Event: 654.036 Thread 0x000001ce5224e7b0 nmethod 5290 0x000001ce3ab86510 code [0x000001ce3ab86700, 0x000001ce3ab86a38]
Event: 654.036 Thread 0x000001ce5224e7b0 5292   !   1       org.apache.catalina.core.ContainerBase::backgroundProcess (168 bytes)
Event: 654.037 Thread 0x000001ce5224e7b0 nmethod 5292 0x000001ce3ab86d10 code [0x000001ce3ab86fa0, 0x000001ce3ab879b8]
Event: 654.037 Thread 0x000001ce5224e7b0 5291   !   1       org.apache.catalina.core.ContainerBase$ContainerBackgroundProcessor::processChildren (202 bytes)
Event: 654.038 Thread 0x000001ce5224e7b0 nmethod 5291 0x000001ce3ab87f90 code [0x000001ce3ab882a0, 0x000001ce3ab89268]
Event: 654.038 Thread 0x000001ce5224e7b0 5293       1       org.apache.catalina.mapper.MapperListener::lifecycleEvent (178 bytes)
Event: 654.040 Thread 0x000001ce5224e7b0 nmethod 5293 0x000001ce3ab89c90 code [0x000001ce3ab89f00, 0x000001ce3ab8a7d8]
Event: 844.748 Thread 0x000001ce5224e7b0 5294   !   1       org.apache.catalina.core.StandardContext::getLoader (38 bytes)
Event: 844.749 Thread 0x000001ce5224e7b0 nmethod 5294 0x000001ce3ab8ab90 code [0x000001ce3ab8ad80, 0x000001ce3ab8b0b8]

GC Heap History (20 events):
Event: 13.748 GC heap before
{Heap before GC invocations=15 (full 0):
 garbage-first heap   total 61440K, used 46232K [0x0000000741e00000, 0x0000000800000000)
  region size 2048K, 18 young (36864K), 2 survivors (4096K)
 Metaspace       used 40809K, committed 41152K, reserved 1089536K
  class space    used 4940K, committed 5120K, reserved 1048576K
}
Event: 13.756 GC heap after
{Heap after GC invocations=16 (full 0):
 garbage-first heap   total 61440K, used 16196K [0x0000000741e00000, 0x0000000800000000)
  region size 2048K, 1 young (2048K), 1 survivors (2048K)
 Metaspace       used 40809K, committed 41152K, reserved 1089536K
  class space    used 4940K, committed 5120K, reserved 1048576K
}
Event: 15.071 GC heap before
{Heap before GC invocations=16 (full 0):
 garbage-first heap   total 61440K, used 48964K [0x0000000741e00000, 0x0000000800000000)
  region size 2048K, 17 young (34816K), 1 survivors (2048K)
 Metaspace       used 44521K, committed 44928K, reserved 1089536K
  class space    used 5354K, committed 5568K, reserved 1048576K
}
Event: 15.079 GC heap after
{Heap after GC invocations=17 (full 0):
 garbage-first heap   total 61440K, used 17026K [0x0000000741e00000, 0x0000000800000000)
  region size 2048K, 2 young (4096K), 2 survivors (4096K)
 Metaspace       used 44521K, committed 44928K, reserved 1089536K
  class space    used 5354K, committed 5568K, reserved 1048576K
}
Event: 16.221 GC heap before
{Heap before GC invocations=17 (full 0):
 garbage-first heap   total 61440K, used 45698K [0x0000000741e00000, 0x0000000800000000)
  region size 2048K, 17 young (34816K), 2 survivors (4096K)
 Metaspace       used 47067K, committed 47424K, reserved 1097728K
  class space    used 5828K, committed 6016K, reserved 1048576K
}
Event: 16.229 GC heap after
{Heap after GC invocations=18 (full 0):
 garbage-first heap   total 61440K, used 17930K [0x0000000741e00000, 0x0000000800000000)
  region size 2048K, 2 young (4096K), 2 survivors (4096K)
 Metaspace       used 47067K, committed 47424K, reserved 1097728K
  class space    used 5828K, committed 6016K, reserved 1048576K
}
Event: 17.277 GC heap before
{Heap before GC invocations=18 (full 0):
 garbage-first heap   total 61440K, used 48650K [0x0000000741e00000, 0x0000000800000000)
  region size 2048K, 17 young (34816K), 2 survivors (4096K)
 Metaspace       used 50388K, committed 50816K, reserved 1097728K
  class space    used 6381K, committed 6592K, reserved 1048576K
}
Event: 17.285 GC heap after
{Heap after GC invocations=19 (full 0):
 garbage-first heap   total 61440K, used 18520K [0x0000000741e00000, 0x0000000800000000)
  region size 2048K, 2 young (4096K), 2 survivors (4096K)
 Metaspace       used 50388K, committed 50816K, reserved 1097728K
  class space    used 6381K, committed 6592K, reserved 1048576K
}
Event: 78.257 GC heap before
{Heap before GC invocations=19 (full 0):
 garbage-first heap   total 61440K, used 49240K [0x0000000741e00000, 0x0000000800000000)
  region size 2048K, 17 young (34816K), 2 survivors (4096K)
 Metaspace       used 53222K, committed 53568K, reserved 1097728K
  class space    used 6760K, committed 6912K, reserved 1048576K
}
Event: 78.265 GC heap after
{Heap after GC invocations=20 (full 0):
 garbage-first heap   total 61440K, used 19565K [0x0000000741e00000, 0x0000000800000000)
  region size 2048K, 2 young (4096K), 2 survivors (4096K)
 Metaspace       used 53222K, committed 53568K, reserved 1097728K
  class space    used 6760K, committed 6912K, reserved 1048576K
}
Event: 78.765 GC heap before
{Heap before GC invocations=20 (full 0):
 garbage-first heap   total 61440K, used 46189K [0x0000000741e00000, 0x0000000800000000)
  region size 2048K, 16 young (32768K), 2 survivors (4096K)
 Metaspace       used 56006K, committed 56384K, reserved 1105920K
  class space    used 7214K, committed 7360K, reserved 1048576K
}
Event: 78.774 GC heap after
{Heap after GC invocations=21 (full 0):
 garbage-first heap   total 61440K, used 20157K [0x0000000741e00000, 0x0000000800000000)
  region size 2048K, 2 young (4096K), 2 survivors (4096K)
 Metaspace       used 56006K, committed 56384K, reserved 1105920K
  class space    used 7214K, committed 7360K, reserved 1048576K
}
Event: 79.214 GC heap before
{Heap before GC invocations=21 (full 0):
 garbage-first heap   total 61440K, used 44733K [0x0000000741e00000, 0x0000000800000000)
  region size 2048K, 15 young (30720K), 2 survivors (4096K)
 Metaspace       used 58233K, committed 58624K, reserved 1105920K
  class space    used 7564K, committed 7744K, reserved 1048576K
}
Event: 79.221 GC heap after
{Heap after GC invocations=22 (full 0):
 garbage-first heap   total 73728K, used 20561K [0x0000000741e00000, 0x0000000800000000)
  region size 2048K, 2 young (4096K), 2 survivors (4096K)
 Metaspace       used 58233K, committed 58624K, reserved 1105920K
  class space    used 7564K, committed 7744K, reserved 1048576K
}
Event: 79.470 GC heap before
{Heap before GC invocations=22 (full 0):
 garbage-first heap   total 73728K, used 30801K [0x0000000741e00000, 0x0000000800000000)
  region size 2048K, 8 young (16384K), 2 survivors (4096K)
 Metaspace       used 59182K, committed 59456K, reserved 1105920K
  class space    used 7669K, committed 7808K, reserved 1048576K
}
Event: 79.479 GC heap after
{Heap after GC invocations=23 (full 0):
 garbage-first heap   total 73728K, used 21172K [0x0000000741e00000, 0x0000000800000000)
  region size 2048K, 2 young (4096K), 2 survivors (4096K)
 Metaspace       used 59182K, committed 59456K, reserved 1105920K
  class space    used 7669K, committed 7808K, reserved 1048576K
}
Event: 80.353 GC heap before
{Heap before GC invocations=24 (full 0):
 garbage-first heap   total 73728K, used 53940K [0x0000000741e00000, 0x0000000800000000)
  region size 2048K, 19 young (38912K), 2 survivors (4096K)
 Metaspace       used 61076K, committed 61504K, reserved 1105920K
  class space    used 7990K, committed 8192K, reserved 1048576K
}
Event: 80.365 GC heap after
{Heap after GC invocations=25 (full 0):
 garbage-first heap   total 73728K, used 22775K [0x0000000741e00000, 0x0000000800000000)
  region size 2048K, 3 young (6144K), 3 survivors (6144K)
 Metaspace       used 61076K, committed 61504K, reserved 1105920K
  class space    used 7990K, committed 8192K, reserved 1048576K
}
Event: 95.372 GC heap before
{Heap before GC invocations=25 (full 0):
 garbage-first heap   total 73728K, used 55543K [0x0000000741e00000, 0x0000000800000000)
  region size 2048K, 19 young (38912K), 3 survivors (6144K)
 Metaspace       used 63451K, committed 63872K, reserved 1105920K
  class space    used 8316K, committed 8512K, reserved 1048576K
}
Event: 95.386 GC heap after
{Heap after GC invocations=26 (full 0):
 garbage-first heap   total 73728K, used 24757K [0x0000000741e00000, 0x0000000800000000)
  region size 2048K, 3 young (6144K), 3 survivors (6144K)
 Metaspace       used 63451K, committed 63872K, reserved 1105920K
  class space    used 8316K, committed 8512K, reserved 1048576K
}

Deoptimization events (20 events):
Event: 95.882 Thread 0x000001ce5550e050 DEOPT PACKING pc=0x000001ce3a5106fc sp=0x0000007da81fbea0
Event: 95.882 Thread 0x000001ce5550e050 DEOPT UNPACKING pc=0x000001ce39c4dece sp=0x0000007da81fb390 mode 1
Event: 95.882 Thread 0x000001ce5550e050 DEOPT PACKING pc=0x000001ce3a4aceec sp=0x0000007da81fb3b0
Event: 95.882 Thread 0x000001ce5550e050 DEOPT UNPACKING pc=0x000001ce39c4dece sp=0x0000007da81fa848 mode 1
Event: 95.882 Thread 0x000001ce5550e050 DEOPT PACKING pc=0x000001ce3a4dc99c sp=0x0000007da81fb480
Event: 95.882 Thread 0x000001ce5550e050 DEOPT UNPACKING pc=0x000001ce39c4dece sp=0x0000007da81fa938 mode 1
Event: 95.882 Thread 0x000001ce5550e050 DEOPT PACKING pc=0x000001ce3a5106fc sp=0x0000007da81fbea0
Event: 95.882 Thread 0x000001ce5550e050 DEOPT UNPACKING pc=0x000001ce39c4dece sp=0x0000007da81fb390 mode 1
Event: 95.896 Thread 0x000001ce5550e050 DEOPT PACKING pc=0x000001ce3a4aceec sp=0x0000007da81fb260
Event: 95.896 Thread 0x000001ce5550e050 DEOPT UNPACKING pc=0x000001ce39c4dece sp=0x0000007da81fa6f8 mode 1
Event: 95.896 Thread 0x000001ce5550e050 DEOPT PACKING pc=0x000001ce3a4dc99c sp=0x0000007da81fb330
Event: 95.896 Thread 0x000001ce5550e050 DEOPT UNPACKING pc=0x000001ce39c4dece sp=0x0000007da81fa7e8 mode 1
Event: 95.896 Thread 0x000001ce5550e050 DEOPT PACKING pc=0x000001ce3a5106fc sp=0x0000007da81fbd50
Event: 95.896 Thread 0x000001ce5550e050 DEOPT UNPACKING pc=0x000001ce39c4dece sp=0x0000007da81fb240 mode 1
Event: 95.897 Thread 0x000001ce5550e050 DEOPT PACKING pc=0x000001ce3a4aceec sp=0x0000007da81fb260
Event: 95.898 Thread 0x000001ce5550e050 DEOPT UNPACKING pc=0x000001ce39c4dece sp=0x0000007da81fa6f8 mode 1
Event: 95.898 Thread 0x000001ce5550e050 DEOPT PACKING pc=0x000001ce3a4dc99c sp=0x0000007da81fb330
Event: 95.898 Thread 0x000001ce5550e050 DEOPT UNPACKING pc=0x000001ce39c4dece sp=0x0000007da81fa7e8 mode 1
Event: 95.898 Thread 0x000001ce5550e050 DEOPT PACKING pc=0x000001ce3a5106fc sp=0x0000007da81fbd50
Event: 95.898 Thread 0x000001ce5550e050 DEOPT UNPACKING pc=0x000001ce39c4dece sp=0x0000007da81fb240 mode 1

Classes unloaded (0 events):
No events

Classes redefined (2 events):
Event: 431.312 Thread 0x000001ce522110e0 redefined class name=com.pruebaf1.prueba.controllers.EmpleadoController, count=1
Event: 890.482 Thread 0x000001ce522110e0 redefined class name=com.pruebaf1.prueba.controllers.EmpleadoController, count=2

Internal exceptions (20 events):
Event: 80.017 Thread 0x000001ce36689580 Exception <a 'java/lang/ClassNotFoundException'{0x0000000744e84108}: java/lang/ObjectCustomizer> (0x0000000744e84108) 
thrown [t:\workspace\open\src\hotspot\share\classfile\systemDictionary.cpp, line 256]
Event: 80.018 Thread 0x000001ce36689580 Exception <a 'java/lang/ClassNotFoundException'{0x0000000744e8b698}: com/pruebaf1/prueba/entities/EmpleadoCustomizer> (0x0000000744e8b698) 
thrown [t:\workspace\open\src\hotspot\share\classfile\systemDictionary.cpp, line 256]
Event: 80.112 Thread 0x000001ce36689580 Exception <a 'java/lang/ClassNotFoundException'{0x000000074486eb50}: java/lang/ObjectCustomizer> (0x000000074486eb50) 
thrown [t:\workspace\open\src\hotspot\share\classfile\systemDictionary.cpp, line 256]
Event: 80.113 Thread 0x000001ce36689580 Exception <a 'java/lang/ClassNotFoundException'{0x0000000744875fc8}: org/springframework/web/servlet/config/annotation/WebMvcConfigurationSupportCustomizer> (0x0000000744875fc8) 
thrown [t:\workspace\open\src\hotspot\share\classfile\systemDictionary.cpp, line 256]
Event: 80.122 Thread 0x000001ce36689580 Exception <a 'java/lang/ClassNotFoundException'{0x0000000744889578}: org/springframework/web/servlet/config/annotation/DelegatingWebMvcConfigurationCustomizer> (0x0000000744889578) 
thrown [t:\workspace\open\src\hotspot\share\classfile\systemDictionary.cpp, line 256]
Event: 80.124 Thread 0x000001ce36689580 Exception <a 'java/lang/ClassNotFoundException'{0x0000000744891dc0}: org/springframework/boot/autoconfigure/web/servlet/WebMvcAutoConfiguration$EnableWebMvcConfigurationCustomizer> (0x0000000744891dc0) 
thrown [t:\workspace\open\src\hotspot\share\classfile\systemDictionary.cpp, line 256]
Event: 80.126 Thread 0x000001ce36689580 Exception <a 'java/lang/ClassNotFoundException'{0x00000007448a4d08}: org/springframework/context/ResourceLoaderAwareCustomizer> (0x00000007448a4d08) 
thrown [t:\workspace\open\src\hotspot\share\classfile\systemDictionary.cpp, line 256]
Event: 80.128 Thread 0x000001ce36689580 Exception <a 'java/lang/ClassNotFoundException'{0x00000007448a9668}: org/springframework/beans/factory/AwareCustomizer> (0x00000007448a9668) 
thrown [t:\workspace\open\src\hotspot\share\classfile\systemDictionary.cpp, line 256]
Event: 80.129 Thread 0x000001ce36689580 Exception <a 'java/lang/ClassNotFoundException'{0x00000007448ad0f0}: org/springframework/context/ApplicationContextAwareCustomizer> (0x00000007448ad0f0) 
thrown [t:\workspace\open\src\hotspot\share\classfile\systemDictionary.cpp, line 256]
Event: 80.130 Thread 0x000001ce36689580 Exception <a 'java/lang/ClassNotFoundException'{0x00000007448b2378}: org/springframework/beans/factory/AwareCustomizer> (0x00000007448b2378) 
thrown [t:\workspace\open\src\hotspot\share\classfile\systemDictionary.cpp, line 256]
Event: 80.130 Thread 0x000001ce36689580 Exception <a 'java/lang/ClassNotFoundException'{0x00000007448b5dd8}: org/springframework/web/context/ServletContextAwareCustomizer> (0x00000007448b5dd8) 
thrown [t:\workspace\open\src\hotspot\share\classfile\systemDictionary.cpp, line 256]
Event: 80.132 Thread 0x000001ce36689580 Exception <a 'java/lang/ClassNotFoundException'{0x00000007448ba8e8}: org/springframework/beans/factory/AwareCustomizer> (0x00000007448ba8e8) 
thrown [t:\workspace\open\src\hotspot\share\classfile\systemDictionary.cpp, line 256]
Event: 80.409 Thread 0x000001ce36689580 Exception <a 'java/lang/NoSuchMethodError'{0x000000074dd6a658}: 'void java.lang.invoke.DirectMethodHandle$Holder.invokeVirtual(java.lang.Object, java.lang.Object, int)'> (0x000000074dd6a658) 
thrown [t:\workspace\open\src\hotspot\share\interpreter\linkResolver.cpp, line 790]
Event: 80.413 Thread 0x000001ce36689580 Exception <a 'java/lang/NoSuchMethodError'{0x000000074dd85be8}: 'void java.lang.invoke.DirectMethodHandle$Holder.invokeVirtual(java.lang.Object, java.lang.Object, long)'> (0x000000074dd85be8) 
thrown [t:\workspace\open\src\hotspot\share\interpreter\linkResolver.cpp, line 790]
Event: 80.706 Thread 0x000001ce36689580 Exception <a 'java/lang/IncompatibleClassChangeError'{0x000000074599f3e0}: Found class java.lang.Object, but interface was expected> (0x000000074599f3e0) 
thrown [t:\workspace\open\src\hotspot\share\interpreter\linkResolver.cpp, line 857]
Event: 80.762 Thread 0x000001ce36689580 Exception <a 'java/lang/NoSuchMethodError'{0x00000007454788f8}: 'int java.lang.invoke.DirectMethodHandle$Holder.invokeStaticInit(java.lang.Object, java.lang.Object, java.lang.Object, java.lang.Object)'> (0x00000007454788f8) 
thrown [t:\workspace\open\src\hotspot\share\interpreter\linkResolver.cpp, line 790]
Event: 80.952 Thread 0x000001ce36689580 Exception <a 'java/lang/NoSuchMethodError'{0x0000000744c34960}: 'java.lang.Object java.lang.invoke.DirectMethodHandle$Holder.invokeSpecial(java.lang.Object, java.lang.Object, int, java.lang.Object, int, java.lang.Object)'> (0x0000000744c34960) 
thrown [t:\workspace\open\src\hotspot\share\interpreter\linkResolver.cpp, line 790]
Event: 80.953 Thread 0x000001ce36689580 Exception <a 'java/lang/NoSuchMethodError'{0x0000000744c3cd20}: 'java.lang.Object java.lang.invoke.DirectMethodHandle$Holder.newInvokeSpecial(java.lang.Object, java.lang.Object, int, java.lang.Object, int)'> (0x0000000744c3cd20) 
thrown [t:\workspace\open\src\hotspot\share\interpreter\linkResolver.cpp, line 790]
Event: 80.954 Thread 0x000001ce36689580 Exception <a 'java/lang/NoSuchMethodError'{0x0000000744c40f30}: 'java.lang.Object java.lang.invoke.DirectMethodHandle$Holder.invokeSpecial(java.lang.Object, java.lang.Object, java.lang.Object, int, java.lang.Object, int)'> (0x0000000744c40f30) 
thrown [t:\workspace\open\src\hotspot\share\interpreter\linkResolver.cpp, line 790]
Event: 80.959 Thread 0x000001ce36689580 Exception <a 'java/lang/NoSuchMethodError'{0x0000000744c50a88}: 'void java.lang.invoke.DirectMethodHandle$Holder.invokeVirtual(java.lang.Object, java.lang.Object)'> (0x0000000744c50a88) 
thrown [t:\workspace\open\src\hotspot\share\interpreter\linkResolver.cpp, line 790]

Events (20 events):
Event: 722.665 Executing  VM operation: get/set locals done
Event: 722.666 Executing  VM operation: get/set locals
Event: 722.667 Executing  VM operation: get/set locals done
Event: 807.200 Executing  VM operation: get/set locals
Event: 807.200 Executing  VM operation: get/set locals done
Event: 807.211 Executing  VM operation: get/set locals
Event: 807.211 Executing  VM operation: get/set locals done
Event: 807.213 Executing  VM operation: get/set locals
Event: 807.214 Executing  VM operation: get/set locals done
Event: 807.241 Executing  VM operation: get/set locals
Event: 807.241 Executing  VM operation: get/set locals done
Event: 807.243 Executing  VM operation: get/set locals
Event: 807.244 Executing  VM operation: get/set locals done
Event: 807.244 Executing  VM operation: get/set locals
Event: 807.245 Executing  VM operation: get/set locals done
Event: 890.467 Executing  VM operation: RedefineClasses
Event: 890.518 Executing  VM operation: RedefineClasses done
Event: 890.564 Executing  VM operation: ChangeBreakpoints
Event: 890.569 Executing  VM operation: ChangeBreakpoints done
Event: 891.004 Executing  VM operation: get/set locals


Dynamic libraries:
0x00007ff7ded30000 - 0x00007ff7ded3e000 	E:\Descargas\sts-4.12.0.RELEASE\plugins\org.eclipse.justj.openjdk.hotspot.jre.full.win32.x86_64_16.0.2.v20210721-1149\jre\bin\javaw.exe
0x00007ff871c90000 - 0x00007ff871e85000 	C:\Windows\SYSTEM32\ntdll.dll
0x00007ff870510000 - 0x00007ff8705ce000 	C:\Windows\System32\KERNEL32.DLL
0x00007ff86f3b0000 - 0x00007ff86f679000 	C:\Windows\System32\KERNELBASE.dll
0x00007ff86f7e0000 - 0x00007ff86f8e0000 	C:\Windows\System32\ucrtbase.dll
0x00007ff8672f0000 - 0x00007ff867308000 	E:\Descargas\sts-4.12.0.RELEASE\plugins\org.eclipse.justj.openjdk.hotspot.jre.full.win32.x86_64_16.0.2.v20210721-1149\jre\bin\jli.dll
0x00007ff86fe90000 - 0x00007ff870031000 	C:\Windows\System32\USER32.dll
0x00007ff86f7b0000 - 0x00007ff86f7d2000 	C:\Windows\System32\win32u.dll
0x00007ff871b80000 - 0x00007ff871bab000 	C:\Windows\System32\GDI32.dll
0x00007ff86fbd0000 - 0x00007ff86fcdb000 	C:\Windows\System32\gdi32full.dll
0x00007ff86f680000 - 0x00007ff86f71d000 	C:\Windows\System32\msvcp_win.dll
0x00007ff8672d0000 - 0x00007ff8672e9000 	E:\Descargas\sts-4.12.0.RELEASE\plugins\org.eclipse.justj.openjdk.hotspot.jre.full.win32.x86_64_16.0.2.v20210721-1149\jre\bin\VCRUNTIME140.dll
0x00007ff85d7f0000 - 0x00007ff85da8a000 	C:\Windows\WinSxS\amd64_microsoft.windows.common-controls_6595b64144ccf1df_6.0.19041.1110_none_60b5254171f9507e\COMCTL32.dll
0x00007ff8718d0000 - 0x00007ff87196e000 	C:\Windows\System32\msvcrt.dll
0x00007ff871b50000 - 0x00007ff871b80000 	C:\Windows\System32\IMM32.DLL
0x00007ff867400000 - 0x00007ff86740c000 	E:\Descargas\sts-4.12.0.RELEASE\plugins\org.eclipse.justj.openjdk.hotspot.jre.full.win32.x86_64_16.0.2.v20210721-1149\jre\bin\vcruntime140_1.dll
0x00007ff858960000 - 0x00007ff8589f1000 	E:\Descargas\sts-4.12.0.RELEASE\plugins\org.eclipse.justj.openjdk.hotspot.jre.full.win32.x86_64_16.0.2.v20210721-1149\jre\bin\msvcp140.dll
0x00007fffe6940000 - 0x00007fffe74eb000 	E:\Descargas\sts-4.12.0.RELEASE\plugins\org.eclipse.justj.openjdk.hotspot.jre.full.win32.x86_64_16.0.2.v20210721-1149\jre\bin\server\jvm.dll
0x00007ff871970000 - 0x00007ff871a1c000 	C:\Windows\System32\ADVAPI32.dll
0x00007ff871bb0000 - 0x00007ff871c4b000 	C:\Windows\System32\sechost.dll
0x00007ff871a20000 - 0x00007ff871b4a000 	C:\Windows\System32\RPCRT4.dll
0x00007ff86fe20000 - 0x00007ff86fe28000 	C:\Windows\System32\PSAPI.DLL
0x00007ff850490000 - 0x00007ff850499000 	C:\Windows\SYSTEM32\WSOCK32.dll
0x00007ff870630000 - 0x00007ff87069b000 	C:\Windows\System32\WS2_32.dll
0x00007ff858660000 - 0x00007ff858687000 	C:\Windows\SYSTEM32\WINMM.dll
0x00007ff867ac0000 - 0x00007ff867aca000 	C:\Windows\SYSTEM32\VERSION.dll
0x00007ff86dc30000 - 0x00007ff86dc42000 	C:\Windows\SYSTEM32\kernel.appcore.dll
0x00007ff86ab90000 - 0x00007ff86ab9a000 	E:\Descargas\sts-4.12.0.RELEASE\plugins\org.eclipse.justj.openjdk.hotspot.jre.full.win32.x86_64_16.0.2.v20210721-1149\jre\bin\jimage.dll
0x00007ff86da20000 - 0x00007ff86dc04000 	C:\Windows\SYSTEM32\DBGHELP.DLL
0x00007ff855ca0000 - 0x00007ff855ccc000 	C:\Windows\SYSTEM32\dbgcore.DLL
0x00007ff86fb40000 - 0x00007ff86fbc3000 	C:\Windows\System32\bcryptPrimitives.dll
0x00007ff82ac60000 - 0x00007ff82ac9b000 	E:\Descargas\sts-4.12.0.RELEASE\plugins\org.eclipse.justj.openjdk.hotspot.jre.full.win32.x86_64_16.0.2.v20210721-1149\jre\bin\jdwp.dll
0x00007ff86ab00000 - 0x00007ff86ab0e000 	E:\Descargas\sts-4.12.0.RELEASE\plugins\org.eclipse.justj.openjdk.hotspot.jre.full.win32.x86_64_16.0.2.v20210721-1149\jre\bin\instrument.dll
0x00007ff83c410000 - 0x00007ff83c435000 	E:\Descargas\sts-4.12.0.RELEASE\plugins\org.eclipse.justj.openjdk.hotspot.jre.full.win32.x86_64_16.0.2.v20210721-1149\jre\bin\java.dll
0x00007ff83c290000 - 0x00007ff83c2a8000 	E:\Descargas\sts-4.12.0.RELEASE\plugins\org.eclipse.justj.openjdk.hotspot.jre.full.win32.x86_64_16.0.2.v20210721-1149\jre\bin\zip.dll
0x00007ff870cd0000 - 0x00007ff87140f000 	C:\Windows\System32\SHELL32.dll
0x00007ff86d150000 - 0x00007ff86d8e0000 	C:\Windows\SYSTEM32\windows.storage.dll
0x00007ff8701b0000 - 0x00007ff870505000 	C:\Windows\System32\combase.dll
0x00007ff86ed30000 - 0x00007ff86ed5c000 	C:\Windows\SYSTEM32\Wldp.dll
0x00007ff871410000 - 0x00007ff8714be000 	C:\Windows\System32\SHCORE.dll
0x00007ff8705d0000 - 0x00007ff870625000 	C:\Windows\System32\shlwapi.dll
0x00007ff86f2f0000 - 0x00007ff86f30f000 	C:\Windows\SYSTEM32\profapi.dll
0x00007ff86aaf0000 - 0x00007ff86aafc000 	E:\Descargas\sts-4.12.0.RELEASE\plugins\org.eclipse.justj.openjdk.hotspot.jre.full.win32.x86_64_16.0.2.v20210721-1149\jre\bin\dt_socket.dll
0x00007ff86e780000 - 0x00007ff86e7bb000 	C:\Windows\SYSTEM32\IPHLPAPI.DLL
0x00007ff86ea90000 - 0x00007ff86eafa000 	C:\Windows\system32\mswsock.dll
0x00007ff86e7c0000 - 0x00007ff86e88c000 	C:\Windows\SYSTEM32\DNSAPI.dll
0x00007ff86fce0000 - 0x00007ff86fce8000 	C:\Windows\System32\NSI.dll
0x00007ff861720000 - 0x00007ff86172a000 	C:\Windows\System32\rasadhlp.dll
0x00007ff85b7a0000 - 0x00007ff85b81f000 	C:\Windows\System32\fwpuclnt.dll
0x00007ff86f720000 - 0x00007ff86f747000 	C:\Windows\System32\bcrypt.dll
0x00007ff82b6e0000 - 0x00007ff82b6f9000 	E:\Descargas\sts-4.12.0.RELEASE\plugins\org.eclipse.justj.openjdk.hotspot.jre.full.win32.x86_64_16.0.2.v20210721-1149\jre\bin\net.dll
0x00007ff85dbd0000 - 0x00007ff85dcd8000 	C:\Windows\SYSTEM32\WINHTTP.dll
0x00007ff82b6c0000 - 0x00007ff82b6d3000 	E:\Descargas\sts-4.12.0.RELEASE\plugins\org.eclipse.justj.openjdk.hotspot.jre.full.win32.x86_64_16.0.2.v20210721-1149\jre\bin\nio.dll
0x00007ff866910000 - 0x00007ff866919000 	E:\Descargas\sts-4.12.0.RELEASE\plugins\org.eclipse.justj.openjdk.hotspot.jre.full.win32.x86_64_16.0.2.v20210721-1149\jre\bin\management.dll
0x00007ff85db30000 - 0x00007ff85db3b000 	E:\Descargas\sts-4.12.0.RELEASE\plugins\org.eclipse.justj.openjdk.hotspot.jre.full.win32.x86_64_16.0.2.v20210721-1149\jre\bin\management_ext.dll
0x00007ff852b70000 - 0x00007ff852b87000 	C:\Windows\system32\napinsp.dll
0x00007ff852a50000 - 0x00007ff852a6b000 	C:\Windows\system32\pnrpnsp.dll
0x00007ff8525d0000 - 0x00007ff8525e5000 	C:\Windows\system32\wshbth.dll
0x00007ff86aa70000 - 0x00007ff86aa8d000 	C:\Windows\system32\NLAapi.dll
0x00007ff8525b0000 - 0x00007ff8525c2000 	C:\Windows\System32\winrnr.dll
0x00007ff86ec80000 - 0x00007ff86ec98000 	C:\Windows\SYSTEM32\CRYPTSP.dll
0x00007ff86e410000 - 0x00007ff86e444000 	C:\Windows\system32\rsaenh.dll
0x00007ff86f2b0000 - 0x00007ff86f2de000 	C:\Windows\SYSTEM32\USERENV.dll
0x00007ff86eca0000 - 0x00007ff86ecac000 	C:\Windows\SYSTEM32\CRYPTBASE.dll
0x00007ff864cf0000 - 0x00007ff864d07000 	C:\Windows\SYSTEM32\dhcpcsvc6.DLL
0x00007ff864cb0000 - 0x00007ff864ccd000 	C:\Windows\SYSTEM32\dhcpcsvc.DLL
0x00007ff868a60000 - 0x00007ff868a70000 	E:\Descargas\sts-4.12.0.RELEASE\plugins\org.eclipse.justj.openjdk.hotspot.jre.full.win32.x86_64_16.0.2.v20210721-1149\jre\bin\verify.dll
0x00007ff84d070000 - 0x00007ff84d07e000 	E:\Descargas\sts-4.12.0.RELEASE\plugins\org.eclipse.justj.openjdk.hotspot.jre.full.win32.x86_64_16.0.2.v20210721-1149\jre\bin\sunmscapi.dll
0x00007ff86f9e0000 - 0x00007ff86fb36000 	C:\Windows\System32\CRYPT32.dll
0x00007ff86eda0000 - 0x00007ff86edc7000 	C:\Windows\SYSTEM32\ncrypt.dll
0x00007ff86ed60000 - 0x00007ff86ed9b000 	C:\Windows\SYSTEM32\NTASN1.dll
0x00007ff83eab0000 - 0x00007ff83eab7000 	C:\Windows\system32\wshunix.dll

dbghelp: loaded successfully - version: 4.0.5 - missing functions: none
symbol engine: initialized successfully - sym options: 0x614 - pdb path: .;E:\Descargas\sts-4.12.0.RELEASE\plugins\org.eclipse.justj.openjdk.hotspot.jre.full.win32.x86_64_16.0.2.v20210721-1149\jre\bin;C:\Windows\SYSTEM32;C:\Windows\WinSxS\amd64_microsoft.windows.common-controls_6595b64144ccf1df_6.0.19041.1110_none_60b5254171f9507e;E:\Descargas\sts-4.12.0.RELEASE\plugins\org.eclipse.justj.openjdk.hotspot.jre.full.win32.x86_64_16.0.2.v20210721-1149\jre\bin\server

VM Arguments:
jvm_args: -XX:+ShowCodeDetailsInExceptionMessages -agentlib:jdwp=transport=dt_socket,suspend=y,address=localhost:57853 -Dcom.sun.management.jmxremote -Dcom.sun.management.jmxremote.port=57852 -Dcom.sun.management.jmxremote.authenticate=false -Dcom.sun.management.jmxremote.ssl=false -Djava.rmi.server.hostname=localhost -Dspring.jmx.enabled=true -Dspring.application.admin.enabled=true -XX:TieredStopAtLevel=1 -Dspring.boot.project.name=pruebaf1 -javaagent:E:\Descargas\sts-4.12.0.RELEASE\configuration\org.eclipse.osgi\259\0\.cp\lib\javaagent-shaded.jar -Dfile.encoding=UTF-8 
java_command: com.pruebaf1.prueba.Pruebaf1Application --spring.output.ansi.enabled=always
java_class_path (initial): C:\Users\victo\OneDrive\Escritorio\PruebaBackEnd\PruebaSpring\pruebaf1\target\classes;C:\Users\victo\.m2\repository\org\springframework\boot\spring-boot-starter-data-jpa\2.5.4\spring-boot-starter-data-jpa-2.5.4.jar;C:\Users\victo\.m2\repository\org\springframework\boot\spring-boot-starter-aop\2.5.4\spring-boot-starter-aop-2.5.4.jar;C:\Users\victo\.m2\repository\org\springframework\spring-aop\5.3.9\spring-aop-5.3.9.jar;C:\Users\victo\.m2\repository\org\aspectj\aspectjweaver\1.9.7\aspectjweaver-1.9.7.jar;C:\Users\victo\.m2\repository\org\springframework\boot\spring-boot-starter-jdbc\2.5.4\spring-boot-starter-jdbc-2.5.4.jar;C:\Users\victo\.m2\repository\com\zaxxer\HikariCP\4.0.3\HikariCP-4.0.3.jar;C:\Users\victo\.m2\repository\org\springframework\spring-jdbc\5.3.9\spring-jdbc-5.3.9.jar;C:\Users\victo\.m2\repository\jakarta\transaction\jakarta.transaction-api\1.3.3\jakarta.transaction-api-1.3.3.jar;C:\Users\victo\.m2\repository\jakarta\persistence\jakarta.persistence-api\2.2.3\jakarta.persistence-api-2.2.3.jar;C:\Users\victo\.m2\repository\org\hibernate\hibernate-core\5.4.32.Final\hibernate-core-5.4.32.Final.jar;C:\Users\victo\.m2\repository\org\jboss\logging\jboss-logging\3.4.2.Final\jboss-logging-3.4.2.Final.jar;C:\Users\victo\.m2\repository\org\javassist\javassist\3.27.0-GA\javassist-3.27.0-GA.jar;C:\Users\victo\.m2\repository\net\bytebuddy\byte-buddy\1.10.22\byte-buddy-1.10.22.jar;C:\Users\victo\.m2\repository\antlr\antlr\2.7.7\antlr-2.7.7.jar;C:\Users\victo\.m2\repository\org\jboss\jandex\2.2.3.Final\jandex-2.2.3.Final.jar;C:\Users\victo\.m2\repository\com\fasterxml\classmate\1.5.1\classmate-1.5.1.jar;C:\Users\victo\.m2\repository\org\dom4j\dom4j\2.1.3\dom4j-2.1.3.jar;C:\Users\victo\.m2\repository\org\hibernate\common\hibernate-commons-annotations\5.1.2.Final\hibernate-commons-annotations-5.1.2.Final.jar;C:\Users\victo\.m2\repository\org\glassfish\jaxb\jaxb-runtime\2.3.5\jaxb-runtime-2.3.5.jar;C:\Users\victo\.m2\repository\org\glassfish
Launcher Type: SUN_STANDARD

[Global flags]
     intx CICompilerCount                          = 3                                         {product} {ergonomic}
     uint ConcGCThreads                            = 1                                         {product} {ergonomic}
     uint G1ConcRefinementThreads                  = 4                                         {product} {ergonomic}
   size_t G1HeapRegionSize                         = 2097152                                   {product} {ergonomic}
    uintx GCDrainStackTargetSize                   = 64                                        {product} {ergonomic}
   size_t InitialHeapSize                          = 201326592                                 {product} {ergonomic}
     bool ManagementServer                         = true                                      {product} {command line}
   size_t MarkStackSize                            = 4194304                                   {product} {ergonomic}
   size_t MaxHeapSize                              = 3189768192                                {product} {ergonomic}
   size_t MaxNewSize                               = 1912602624                                {product} {ergonomic}
   size_t MinHeapDeltaBytes                        = 2097152                                   {product} {ergonomic}
   size_t MinHeapSize                              = 8388608                                   {product} {ergonomic}
    uintx NonNMethodCodeHeapSize                   = 6973028                                {pd product} {ergonomic}
    uintx NonProfiledCodeHeapSize                  = 244685212                              {pd product} {ergonomic}
    uintx ProfiledCodeHeapSize                     = 0                                      {pd product} {ergonomic}
    uintx ReservedCodeCacheSize                    = 251658240                              {pd product} {ergonomic}
     bool SegmentedCodeCache                       = true                                      {product} {ergonomic}
     bool ShowCodeDetailsInExceptionMessages       = true                                   {manageable} {command line}
   size_t SoftMaxHeapSize                          = 3189768192                             {manageable} {ergonomic}
     intx TieredStopAtLevel                        = 1                                         {product} {command line}
     bool UseCompressedClassPointers               = true                           {product lp64_product} {ergonomic}
     bool UseCompressedOops                        = true                           {product lp64_product} {ergonomic}
     bool UseG1GC                                  = true                                      {product} {ergonomic}
     bool UseLargePagesIndividualAllocation        = false                                  {pd product} {ergonomic}

Logging:
Log output configuration:
 #0: stdout all=warning uptime,level,tags
 #1: stderr all=off uptime,level,tags

Environment Variables:
JAVA_HOME=C:\Program Files\Java\jdk1.8.0_301
PATH=E:\Descargas\sts-4.12.0.RELEASE\plugins\org.eclipse.justj.openjdk.hotspot.jre.full.win32.x86_64_16.0.2.v20210721-1149\jre\bin;E:/Descargas/sts-4.12.0.RELEASE//plugins/org.eclipse.justj.openjdk.hotspot.jre.full.win32.x86_64_16.0.2.v20210721-1149/jre/bin/server;E:/Descargas/sts-4.12.0.RELEASE//plugins/org.eclipse.justj.openjdk.hotspot.jre.full.win32.x86_64_16.0.2.v20210721-1149/jre/bin;C:\Program Files\Common Files\Oracle\Java\javapath;C:\Program Files (x86)\Common Files\Oracle\Java\javapath;E:\Descargas\WINDOWS.X64_193000_db_home\bin;C:\Program Files\AdoptOpenJDK\jdk-11.0.11.9-hotspot\bin;C:\Windows\system32;C:\Windows;C:\Windows\System32\Wbem;C:\Windows\System32\WindowsPowerShell\v1.0\;C:\Windows\System32\OpenSSH\;C:\Program Files (x86)\nodejs\;C:\Program Files\Git\cmd;C:\Program Files\NVIDIA Corporation\NVIDIA NvDLISR;C:\Program Files (x86)\NVIDIA Corporation\PhysX\Common;C:\Program Files\Java\jdk-16.0.2\bin;C:\maven\bin;C:\Program Files\Java\jdk1.8.0_301\bin;C:\Program Files\MySQL\MySQL Shell 8.0\bin\;E:\Programas\Python3\Scripts\;E:\Programas\Python3\;C:\Users\victo\AppData\Local\Microsoft\WindowsApps;C:\Users\victo\AppData\Roaming\npm;C:\Users\victo\AppData\Local\Programs\Microsoft VS Code\bin;C:\Users\victo\AppData\Local\atom\bin;E:\Programas\PyCharm Community Edition 2021.1.1\bin;;E:\Programas\heroku\bin;E:\Descargas\sts-4.12.0.RELEASE;
USERNAME=Vecsus
OS=Windows_NT
PROCESSOR_IDENTIFIER=Intel64 Family 6 Model 142 Stepping 9, GenuineIntel



---------------  S Y S T E M  ---------------

OS:
 Windows 10 , 64 bit Build 19041 (10.0.19041.1202)
OS uptime: 0 days 2:14 hours

CPU: total 4 (initial active 4) (2 cores per cpu, 2 threads per core) family 6 model 142 stepping 9 microcode 0xd6, cx8, cmov, fxsr, ht, mmx, 3dnowpref, sse, sse2, sse3, ssse3, sse4.1, sse4.2, popcnt, lzcnt, tsc, tscinvbit, avx, avx2, aes, erms, clmul, bmi1, bmi2, adx, fma, vzeroupper, clflush, clflushopt

Memory: 4k page, system-wide physical 12162M (3558M free)
TotalPageFile size 20866M (AvailPageFile size 2810M)
current process WorkingSet (physical memory assigned to process): 211M, peak: 211M
current process commit charge ("private bytes"): 234M, peak: 289M

vm_info: OpenJDK 64-Bit Server VM (16.0.2+7-67) for windows-amd64 JRE (16.0.2+7-67), built on Jun  8 2021 23:21:43 by "mach5one" with MS VC++ 16.7 (VS2019)

END.
